[2020-10-17T11:53:53][INFO ] [Update-JVThumbCsv] Wrote [Aoki Juna - 青木珠菜] [Page 1] to thumb csv
[2020-10-17T11:53:53][INFO ] [Update-JVThumbCsv] Wrote [Aoyama Mizuho - 青山水穂] [Page 1] to thumb csv
[2020-10-17T11:53:53][INFO ] [Update-JVThumbCsv] Wrote [Arare King - アラレ王] [Page 1] to thumb csv
[2020-10-17T11:53:53][INFO ] [Update-JVThumbCsv] Wrote [Asuka Aka - 有栖花あか] [Page 1] to thumb csv
[2020-10-17T11:53:53][INFO ] [Update-JVThumbCsv] Wrote [Konno Tsubaki - 今野つばき] [Page 1] to thumb csv
[2020-10-17T11:53:53][INFO ] [Update-JVThumbCsv] Wrote [Kuriyama Rio - 栗山莉緒] [Page 1] to thumb csv
[2020-10-17T11:53:54][INFO ] [Update-JVThumbCsv] Wrote [Mineda Nanami - 峰田ななみ] [Page 1] to thumb csv
[2020-10-17T11:53:54][INFO ] [Update-JVThumbCsv] Wrote [Shiomi Mai - 潮美舞] [Page 1] to thumb csv
[2020-10-17T11:53:54][INFO ] [Update-JVThumbCsv] Wrote [Tachibana Miharu - 立花みはる] [Page 1] to thumb csv
[2020-10-17T11:53:56][INFO ] [Update-JVThumbCsv] Wrote [Aisu Moe - 愛須もえ] [Page 2] to thumb csv
[2020-10-17T11:53:56][INFO ] [Update-JVThumbCsv] Wrote [Amamiya Mona - 雨宮もな] [Page 2] to thumb csv
[2020-10-17T11:53:57][INFO ] [Update-JVThumbCsv] Wrote [Furuse Akemi - 古瀬朱美] [Page 2] to thumb csv
[2020-10-17T11:53:57][INFO ] [Update-JVThumbCsv] Wrote [Kashii Hinano - 香椎ひなの] [Page 2] to thumb csv
[2020-10-17T11:53:57][INFO ] [Update-JVThumbCsv] Wrote [Maki Natsume - 真木夏芽] [Page 2] to thumb csv
[2020-10-17T11:53:57][INFO ] [Update-JVThumbCsv] Wrote [Mizumori Meg - 水森めぐ] [Page 2] to thumb csv
[2020-10-17T11:53:57][INFO ] [Update-JVThumbCsv] Wrote [Nagisa Konomi - 渚このみ] [Page 2] to thumb csv
[2020-10-17T11:53:57][INFO ] [Update-JVThumbCsv] Wrote [Shiomi Aya - 塩見彩] [Page 2] to thumb csv
[2020-10-17T11:53:58][INFO ] [Update-JVThumbCsv] Wrote [Tsukino Kasumi - 月野かすみ] [Page 2] to thumb csv
[2020-10-17T11:54:43][INFO ] [Update-JVThumbCsv] Wrote [Aoki Juna - 青木珠菜] [Page 1] to thumb csv
[2020-10-17T11:54:43][INFO ] [Update-JVThumbCsv] Wrote [Aoyama Mizuho - 青山水穂] [Page 1] to thumb csv
[2020-10-17T11:54:43][INFO ] [Update-JVThumbCsv] Wrote [Arare King - アラレ王] [Page 1] to thumb csv
[2020-10-17T11:54:43][INFO ] [Update-JVThumbCsv] Wrote [Asuka Aka - 有栖花あか] [Page 1] to thumb csv
[2020-10-17T11:54:43][INFO ] [Update-JVThumbCsv] Wrote [Konno Tsubaki - 今野つばき] [Page 1] to thumb csv
[2020-10-17T11:54:43][INFO ] [Update-JVThumbCsv] Wrote [Kuriyama Rio - 栗山莉緒] [Page 1] to thumb csv
[2020-10-17T11:54:44][INFO ] [Update-JVThumbCsv] Wrote [Mineda Nanami - 峰田ななみ] [Page 1] to thumb csv
[2020-10-17T11:54:44][INFO ] [Update-JVThumbCsv] Wrote [Shiomi Mai - 潮美舞] [Page 1] to thumb csv
[2020-10-17T11:54:44][INFO ] [Update-JVThumbCsv] Wrote [Tachibana Miharu - 立花みはる] [Page 1] to thumb csv
[2020-10-17T11:54:47][INFO ] [Update-JVThumbCsv] Wrote [Aisu Moe - 愛須もえ] [Page 2] to thumb csv
[2020-10-17T11:54:47][INFO ] [Update-JVThumbCsv] Wrote [Amamiya Mona - 雨宮もな] [Page 2] to thumb csv
[2020-10-17T11:54:47][INFO ] [Update-JVThumbCsv] Wrote [Furuse Akemi - 古瀬朱美] [Page 2] to thumb csv
[2020-10-17T11:54:48][INFO ] [Update-JVThumbCsv] Wrote [Kashii Hinano - 香椎ひなの] [Page 2] to thumb csv
[2020-10-17T11:54:48][INFO ] [Update-JVThumbCsv] Wrote [Maki Natsume - 真木夏芽] [Page 2] to thumb csv
[2020-10-17T11:54:48][INFO ] [Update-JVThumbCsv] Wrote [Mizumori Meg - 水森めぐ] [Page 2] to thumb csv
[2020-10-17T11:54:48][INFO ] [Update-JVThumbCsv] Wrote [Nagisa Konomi - 渚このみ] [Page 2] to thumb csv
[2020-10-17T11:54:49][INFO ] [Update-JVThumbCsv] Wrote [Shiomi Aya - 塩見彩] [Page 2] to thumb csv
[2020-10-17T11:54:50][INFO ] [Update-JVThumbCsv] Wrote [Tsukino Kasumi - 月野かすみ] [Page 2] to thumb csv
[2020-10-17T12:16:28][INFO ] [WANZ-233] [Set-JVMovie] Completed [C:\Javinizer\wanz-233.mp4] => [C:\Javinizer\Wanz Factory\2014\WANZ-233 [Wanz Factory] - Creampie SEX - Babes Riding Cowgirl Make Men Cum Early Riko Honda (2014)\WANZ-233.mp4]
[2020-10-17T12:17:25][INFO ] [WANZ-233] [Set-JVMovie] Completed [C:\Javinizer\wanz-233.mp4] => [C:\Javinizer\Wanz Factory (YEAR)\Honda Riko\WANZ-233\WANZ-233.mp4]
[2020-10-17T12:39:02][WARN ] [IPX-001] [Get-DmmUrl] not matched on DMM
[2020-10-17T18:58:41][WARN ] [R18-520] [Get-R18Url] not matched on R18
[2020-10-17T18:58:46][WARN ] [R18-520] [Get-DmmUrl] not matched on DMM
[2020-10-17T18:58:47][WARN ] [R18-520] [Get-JavbusUrl] not matched on JavBus
[2020-10-17T18:58:47][WARN ] [r-18520.mp4] Skipped -- not matched
[2020-10-17T18:58:59][INFO ] [HRV-030] [Get-JVAggregatedData] Wrote [Fujie Shiho - 藤江史帆] to thumb csv
[2020-10-17T19:01:14][WARN ] [R18-520] [Get-R18Url] not matched on R18
[2020-10-17T19:01:14][WARN ] [BLAH-123] [Get-R18Url] not matched on R18
[2020-10-17T19:01:20][WARN ] [R18-520] [Get-DmmUrl] not matched on DMM
[2020-10-17T19:01:21][WARN ] [R18-520] [Get-JavbusUrl] not matched on JavBus
[2020-10-17T19:01:21][WARN ] [BLAH-123] [Get-DmmUrl] not matched on DMM
[2020-10-17T19:01:21][WARN ] [r-18520.mp4] Skipped -- not matched
[2020-10-17T19:01:21][WARN ] [BLAH-123] [Get-JavbusUrl] not matched on JavBus
[2020-10-17T19:01:21][WARN ] [blah-123.mp4] Skipped -- not matched
[2020-10-17T19:06:19][WARN ] [BLAH-123] [Get-R18Url] not matched on R18
[2020-10-17T19:06:20][WARN ] [R18-520] [Get-R18Url] not matched on R18
[2020-10-17T19:06:25][WARN ] [BLAH-123] [Get-DmmUrl] not matched on DMM
[2020-10-17T19:06:25][WARN ] [BLAH-123] [Get-JavbusUrl] not matched on JavBus
[2020-10-17T19:06:26][WARN ] [R18-520] [Get-DmmUrl] not matched on DMM
[2020-10-17T19:06:26][WARN ] [R18-520] [Get-JavbusUrl] not matched on JavBus
[2020-10-17T19:07:21][WARN ] [BLAH-123] [Get-R18Url] not matched on R18
[2020-10-17T19:07:21][WARN ] [R18-520] [Get-R18Url] not matched on R18
[2020-10-17T19:07:26][WARN ] [BLAH-123] [Get-DmmUrl] not matched on DMM
[2020-10-17T19:07:27][WARN ] [R18-520] [Get-DmmUrl] not matched on DMM
[2020-10-17T19:07:27][WARN ] [BLAH-123] [Get-JavbusUrl] not matched on JavBus
[2020-10-17T19:07:29][WARN ] [R18-520] [Get-JavbusUrl] not matched on JavBus
[2020-10-17T19:08:01][WARN ] [BLAH-123] [Get-R18Url] not matched on R18
[2020-10-17T19:08:01][WARN ] [R18-520] [Get-R18Url] not matched on R18
[2020-10-17T19:08:05][WARN ] [BLAH-123] [Get-DmmUrl] not matched on DMM
[2020-10-17T19:08:06][WARN ] [BLAH-123] [Get-JavbusUrl] not matched on JavBus
[2020-10-17T19:08:06][WARN ] [R18-520] [Get-DmmUrl] not matched on DMM
[2020-10-17T19:08:07][WARN ] [R18-520] [Get-JavbusUrl] not matched on JavBus
[2020-10-18T12:45:07][WARN ] [BLAH-123] [Get-R18Url] not matched on R18
[2020-10-18T12:45:09][WARN ] [R18-520] [Get-R18Url] not matched on R18
[2020-10-18T12:45:13][WARN ] [BLAH-123] [Get-DmmUrl] not matched on DMM
[2020-10-18T12:45:14][WARN ] [BLAH-123] [Get-JavbusUrl] not matched on JavBus
[2020-10-18T12:45:14][WARN ] [R18-520] [Get-DmmUrl] not matched on DMM
[2020-10-18T12:45:15][WARN ] [R18-520] [Get-JavbusUrl] not matched on JavBus
[2020-10-31T15:02:38][ERROR] [Javinizer] Error occurred when authenticating to JAVLibrary, check that your userid and session cookies are valid
